<?xml version="1.0" encoding="UTF-8"?>
<!-- Generated by org.testng.reporters.JUnitReportReporter -->
<testsuite skipped="0" hostname="Damiras-MacBook-Pro.local" name="userActionTest.CustomSerilizeDeserlization" tests="1" failures="0" timestamp="30 Aug 2018 01:53:11 GMT" time="0.187" errors="0">
  <testcase name="GOT_Testing" time="0.187" classname="userActionTest.CustomSerilizeDeserlization"/>
</testsuite> <!-- userActionTest.CustomSerilizeDeserlization -->
