<?xml version="1.0" encoding="UTF-8"?>
<!-- Generated by org.testng.reporters.JUnitReportReporter -->
<testsuite skipped="0" hostname="Damiras-MacBook-Pro.local" name="userActionTest.JSONPath" tests="1" failures="0" timestamp="25 Aug 2018 20:52:14 GMT" time="1.637" errors="0">
  <testcase name="testDriversJSONPath" time="1.637" classname="userActionTest.JSONPath"/>
</testsuite> <!-- userActionTest.JSONPath -->
