<?xml version="1.0" encoding="UTF-8"?>
<!-- Generated by org.testng.reporters.JUnitReportReporter -->
<testsuite skipped="0" hostname="Damiras-MacBook-Pro.local" name="userActionTest.UserActionClass" tests="1" failures="0" timestamp="25 Aug 2018 19:42:49 GMT" time="0.955" errors="0">
  <testcase name="adminUserShouldBeAbleToUpdateTheUser" time="0.955" classname="userActionTest.UserActionClass"/>
</testsuite> <!-- userActionTest.UserActionClass -->
