<?xml version="1.0" encoding="UTF-8"?>
<!-- Generated by org.testng.reporters.JUnitReportReporter -->
<testsuite skipped="0" hostname="Damiras-MacBook-Pro.local" name="userActionTest.JsonPathPr" tests="1" failures="0" timestamp="29 Aug 2018 01:49:23 GMT" time="1.587" errors="0">
  <testcase name="warmUpTask" time="1.587" classname="userActionTest.JsonPathPr"/>
</testsuite> <!-- userActionTest.JsonPathPr -->
