<?xml version="1.0" encoding="UTF-8"?>
<!-- Generated by org.testng.reporters.JUnitReportReporter -->
<testsuite skipped="1" hostname="Damiras-MBP.home" name="restassuredtest.restassured" tests="2" failures="0" timestamp="23 Aug 2018 01:23:12 GMT" time="1.590" errors="0">
  <testcase name="simpleGetRequestForSingleItem" time="1.590" classname="restassuredtest.restassured"/>
  <testcase name="firstTest" classname="restassuredtest.restassured">
    <skipped/>
  </testcase> <!-- firstTest -->
</testsuite> <!-- restassuredtest.restassured -->
