<?xml version="1.0" encoding="UTF-8"?>
<!-- Generated by org.testng.reporters.JUnitReportReporter -->
<testsuite skipped="0" hostname="Damiras-MacBook-Pro.local" name="userActionTest.GameOfThronesApi" tests="1" failures="0" timestamp="30 Aug 2018 00:46:33 GMT" time="3.411" errors="0">
  <testcase name="getAllStarks" time="3.411" classname="userActionTest.GameOfThronesApi"/>
</testsuite> <!-- userActionTest.GameOfThronesApi -->
