<?xml version="1.0" encoding="UTF-8"?>
<!-- Generated by org.testng.reporters.JUnitReportReporter -->
<testsuite skipped="0" hostname="Damiras-MacBook-Pro.local" name="userActionTest.jsonPr2" tests="1" failures="0" timestamp="30 Aug 2018 00:14:05 GMT" time="1.088" errors="0">
  <testcase name="test" time="1.088" classname="userActionTest.jsonPr2"/>
</testsuite> <!-- userActionTest.jsonPr2 -->
